{"/Users/joseluisfloresfuentes/Projects/calentre/client-scheduler/src/components/common/Button.tsx": {"path":"/Users/joseluisfloresfuentes/Projects/calentre/client-scheduler/src/components/common/Button.tsx","statementMap":{"0":{"start":{"line":10,"column":13},"end":{"line":10,"column":22}},"1":{"start":{"line":10,"column":22},"end":{"line":12,"column":null}}},"fnMap":{"0":{"name":"(anonymous_1)","decl":{"start":{"line":10,"column":22},"end":{"line":10,"column":23}},"loc":{"start":{"line":10,"column":51},"end":{"line":12,"column":null}}}},"branchMap":{},"s":{"0":1,"1":1},"f":{"0":1},"b":{}}
}
